<?xml version="1.0" encoding="UTF-8"?>
<!-- Generated by org.testng.reporters.JUnitReportReporter -->
<testsuite hostname="vk-HP-ProBook-640-G2" failures="0" tests="3" name="com.B.Xuriti.LogIn.Tc_01_Login_DataProvider" time="27.033" errors="0" timestamp="2023-10-06T16:47:50 IST" skipped="0">
  <testcase classname="com.B.Xuriti.LogIn.Tc_01_Login_DataProvider" name="login_userPanel" time="9.068"/>
  <system-out/>
  <testcase classname="com.B.Xuriti.LogIn.Tc_01_Login_DataProvider" name="login_userPanel" time="8.966"/>
  <system-out/>
  <testcase classname="com.B.Xuriti.LogIn.Tc_01_Login_DataProvider" name="login_userPanel" time="8.999"/>
  <system-out/>
</testsuite> <!-- com.B.Xuriti.LogIn.Tc_01_Login_DataProvider -->
