<?xml version="1.0" encoding="UTF-8"?>
<!-- Generated by org.testng.reporters.JUnitReportReporter -->
<testsuite hostname="techtrail-HP-ProBook-640-G2" failures="0" tests="1" name="Com.B.Xuriti.InvoiceUpload.TC_12_InvoiceUpload_MultipleInvoices" time="82.519" errors="0" timestamp="2022-12-05T10:31:48 IST" skipped="0">
  <testcase classname="Com.B.Xuriti.InvoiceUpload.TC_12_InvoiceUpload_MultipleInvoices" name="invoiceUpload_invalidBuyerGstNo" time="82.519"/>
  <system-out/>
</testsuite> <!-- Com.B.Xuriti.InvoiceUpload.TC_12_InvoiceUpload_MultipleInvoices -->
