<?xml version="1.0" encoding="UTF-8"?>
<!-- Generated by org.testng.reporters.JUnitReportReporter -->
<testsuite hostname="vk-HP-ProBook-640-G2" failures="0" tests="1" name="com.F.Xuriti.NBFC.TC_07_NBFC2_REMAP" time="87.137" errors="0" timestamp="2023-09-02T12:44:15 IST" skipped="0">
  <testcase classname="com.F.Xuriti.NBFC.TC_07_NBFC2_REMAP" name="NbfcAlreadyMapped_anotherNBFC1" time="87.137"/>
  <system-out>
    <![CDATA[You are already mapped with NBFC]]>
  </system-out>
</testsuite> <!-- com.F.Xuriti.NBFC.TC_07_NBFC2_REMAP -->
