<?xml version="1.0" encoding="UTF-8"?>
<!-- Generated by org.testng.reporters.JUnitReportReporter -->
<testsuite hostname="techtrail-HP-ProBook-640-G2" failures="0" tests="1" name="Com.B.Xuriti.InvoiceUpload.TC_13_InvoiceUpload_HoldCompany" time="22.999" errors="0" timestamp="2022-12-05T10:31:48 IST" skipped="0">
  <testcase classname="Com.B.Xuriti.InvoiceUpload.TC_13_InvoiceUpload_HoldCompany" name="invoiceUpload_invalidBuyerGstNo" time="22.999"/>
  <system-out>
    <![CDATA[The company is not in active state please contact Xuriti Team]]>
  </system-out>
</testsuite> <!-- Com.B.Xuriti.InvoiceUpload.TC_13_InvoiceUpload_HoldCompany -->
