<?xml version="1.0" encoding="UTF-8"?>
<!-- Generated by org.testng.reporters.JUnitReportReporter -->
<testsuite hostname="vk-HP-ProBook-640-G2" failures="0" tests="1" name="com.qa.loginpage.TC_02UserForgetPasswordTest" time="16.326" errors="0" timestamp="2023-10-30T17:05:42 IST" skipped="0">
  <testcase classname="com.qa.loginpage.TC_02UserForgetPasswordTest" name="userForgetPassowrd" time="16.326"/>
  <system-out>
    <![CDATA[User Login Successfully Test Case Passed]]>
  </system-out>
</testsuite> <!-- com.qa.loginpage.TC_02UserForgetPasswordTest -->
