<?xml version="1.0" encoding="UTF-8"?>
<!-- Generated by org.testng.reporters.JUnitReportReporter -->
<testsuite hostname="techtrail-HP-ProBook-640-G2" failures="0" tests="1" name="Com.A.Xuriti.AddCompany.TC_01_AddCompany" time="14.825" errors="0" timestamp="2022-12-03T12:38:05 IST" skipped="0">
  <testcase classname="Com.A.Xuriti.AddCompany.TC_01_AddCompany" name="AddBuyercompany_buyer" time="14.825"/>
  <system-out/>
</testsuite> <!-- Com.A.Xuriti.AddCompany.TC_01_AddCompany -->
