<?xml version="1.0" encoding="UTF-8"?>
<!-- Generated by org.testng.reporters.JUnitReportReporter -->
<testsuite hostname="vishu-HP-ProBook-640-G2" failures="0" tests="1" name="com.F.Xuriti.NBFC.TC_05_NBFC_Login_Reconcilation" time="3.300" errors="0" timestamp="2023-03-30T12:30:47 IST" skipped="0">
  <testcase classname="com.F.Xuriti.NBFC.TC_05_NBFC_Login_Reconcilation" name="nbfcStatus_BuyerSeller_swap" time="3.300"/>
  <system-out/>
</testsuite> <!-- com.F.Xuriti.NBFC.TC_05_NBFC_Login_Reconcilation -->
