<?xml version="1.0" encoding="UTF-8"?>
<!-- Generated by org.testng.reporters.JUnitReportReporter -->
<testsuite hostname="techtrail-HP-ProBook-640-G2" failures="0" tests="1" name="com.xuriti.dev.TestClass.Tc_10_CreditlimitApprove" time="19.923" errors="0" timestamp="2023-10-09T13:59:07 IST" skipped="0">
  <testcase classname="com.xuriti.dev.TestClass.Tc_10_CreditlimitApprove" name="Creditlimitapprove" time="19.923"/>
  <system-out/>
</testsuite> <!-- com.xuriti.dev.TestClass.Tc_10_CreditlimitApprove -->
