<?xml version="1.0" encoding="UTF-8"?>
<!-- Generated by org.testng.reporters.JUnitReportReporter -->
<testsuite hostname="vk-HP-ProBook-640-G2" failures="0" tests="1" name="com.F.Xuriti.NBFC.TC_01_NBFC_Statuscheck" time="58.925" errors="0" timestamp="2023-10-06T16:47:50 IST" skipped="0">
  <testcase classname="com.F.Xuriti.NBFC.TC_01_NBFC_Statuscheck" name="nbfcStatusCheck" time="58.925"/>
  <system-out>
    <![CDATA[Active]]>
  </system-out>
</testsuite> <!-- com.F.Xuriti.NBFC.TC_01_NBFC_Statuscheck -->
