<?xml version="1.0" encoding="UTF-8"?>
<!-- Generated by org.testng.reporters.JUnitReportReporter -->
<testsuite hostname="techtrail-HP-ProBook-640-G2" failures="0" tests="1" name="Com.B.Xuriti.InvoiceUpload.TC_10_InvoiceUpload_totalamt" time="22.756" errors="0" timestamp="2022-12-02T11:25:55 IST" skipped="0">
  <testcase classname="Com.B.Xuriti.InvoiceUpload.TC_10_InvoiceUpload_totalamt" name="invoiceUpload_invalidBuyerGstNo" time="22.756"/>
  <system-out/>
</testsuite> <!-- Com.B.Xuriti.InvoiceUpload.TC_10_InvoiceUpload_totalamt -->
