<?xml version="1.0" encoding="UTF-8"?>
<!-- Generated by org.testng.reporters.JUnitReportReporter -->
<testsuite hostname="techtrail-HP-ProBook-640-G2" failures="0" tests="1" name="com.xuriti.dev.TestClass.Tc_05_S_AddCompany" time="40.663" errors="0" timestamp="2023-06-08T14:15:17 IST" skipped="0">
  <testcase classname="com.xuriti.dev.TestClass.Tc_05_S_AddCompany" name="AddSellercompany_buyer" time="40.663"/>
  <system-out>
    <![CDATA[Seller Company has been Added]]>
  </system-out>
</testsuite> <!-- com.xuriti.dev.TestClass.Tc_05_S_AddCompany -->
