<?xml version="1.0" encoding="UTF-8"?>
<!-- Generated by org.testng.reporters.JUnitReportReporter -->
<testsuite hostname="vishu-HP-ProBook-640-G2" failures="0" tests="1" name="com.E.Xuriti.ManageCompany.TC_06_ManageCompanies_CreditplanFields" time="27.469" errors="0" timestamp="2023-03-29T16:01:17 IST" skipped="0">
  <testcase classname="com.E.Xuriti.ManageCompany.TC_06_ManageCompanies_CreditplanFields" name="creditplant_fieldError" time="27.469"/>
  <system-out>
    <![CDATA[Please enter valid credit plan name
Please enter valid credit free period
Unable to add the credit plan, please enter correct details.]]>
  </system-out>
</testsuite> <!-- com.E.Xuriti.ManageCompany.TC_06_ManageCompanies_CreditplanFields -->
