<?xml version="1.0" encoding="UTF-8"?>
<!-- Generated by org.testng.reporters.JUnitReportReporter -->
<testsuite hostname="techtrail-HP-ProBook-640-G2" failures="0" tests="1" name="Com.B.Xuriti.InvoiceUpload.TC_03_InvoiceUpload_checkStatus" time="24.934" errors="0" timestamp="2022-12-05T10:04:16 IST" skipped="0">
  <testcase classname="Com.B.Xuriti.InvoiceUpload.TC_03_InvoiceUpload_checkStatus" name="invoiceupload_statuscheck" time="24.934"/>
  <system-out/>
</testsuite> <!-- Com.B.Xuriti.InvoiceUpload.TC_03_InvoiceUpload_checkStatus -->
