<?xml version="1.0" encoding="UTF-8"?>
<!-- Generated by org.testng.reporters.JUnitReportReporter -->
<testsuite hostname="vk-HP-ProBook-640-G2" failures="0" tests="1" name="com.F.Xuriti.NBFC.TC_02_NBFC_EditFields" time="123.239" errors="0" timestamp="2023-10-06T16:47:50 IST" skipped="0">
  <testcase classname="com.F.Xuriti.NBFC.TC_02_NBFC_EditFields" name="nbfcField_change" time="123.239"/>
  <system-out/>
</testsuite> <!-- com.F.Xuriti.NBFC.TC_02_NBFC_EditFields -->
