<?xml version="1.0" encoding="UTF-8"?>
<!-- Generated by org.testng.reporters.JUnitReportReporter -->
<testsuite hostname="vk-HP-ProBook-640-G2" failures="0" tests="3" name="com.D.Xuriti.InvoiceUpload.TC_00_InvoiceGenerator" time="13.041" errors="0" timestamp="2023-10-06T16:47:50 IST" skipped="0">
  <testcase classname="com.D.Xuriti.InvoiceUpload.TC_00_InvoiceGenerator" name="invoiceCreateMultiple" time="4.915"/>
  <system-out/>
  <testcase classname="com.D.Xuriti.InvoiceUpload.TC_00_InvoiceGenerator" name="invoiceCreateHold" time="4.051"/>
  <system-out/>
  <testcase classname="com.D.Xuriti.InvoiceUpload.TC_00_InvoiceGenerator" name="invoiceCreateunknown" time="4.075"/>
  <system-out/>
</testsuite> <!-- com.D.Xuriti.InvoiceUpload.TC_00_InvoiceGenerator -->
