<?xml version="1.0" encoding="UTF-8"?>
<!-- Generated by org.testng.reporters.JUnitReportReporter -->
<testsuite hostname="techtrail-HP-ProBook-640-G2" failures="0" tests="1" name="com.xuriti.dev.TestClass.Tc_30_Payment_Histroy" time="24.275" errors="0" timestamp="2023-10-10T15:47:10 IST" skipped="0">
  <testcase classname="com.xuriti.dev.TestClass.Tc_30_Payment_Histroy" name="Payment_history" time="24.275"/>
  <system-out/>
</testsuite> <!-- com.xuriti.dev.TestClass.Tc_30_Payment_Histroy -->
