<?xml version="1.0" encoding="UTF-8"?>
<!-- Generated by org.testng.reporters.JUnitReportReporter -->
<testsuite hostname="techtrail-HP-ProBook-640-G2" failures="0" tests="1" name="com.xuriti.dev.TestClass.Tc_06_S_ApproveCompany" time="29.177" errors="0" timestamp="2023-06-08T14:15:17 IST" skipped="0">
  <testcase classname="com.xuriti.dev.TestClass.Tc_06_S_ApproveCompany" name="SellerCompanyApprove" time="29.177"/>
  <system-out>
    <![CDATA[Seller Company Approved]]>
  </system-out>
</testsuite> <!-- com.xuriti.dev.TestClass.Tc_06_S_ApproveCompany -->
