<?xml version="1.0" encoding="UTF-8"?>
<!-- Generated by org.testng.reporters.JUnitReportReporter -->
<testsuite hostname="vk-HP-ProBook-640-G2" failures="0" tests="1" name="com.F.Xuriti.NBFC.TC_06_NBFC_REMAP" time="84.798" errors="0" timestamp="2023-10-06T16:47:50 IST" skipped="0">
  <testcase classname="com.F.Xuriti.NBFC.TC_06_NBFC_REMAP" name="NbfcAlreadyMapped" time="84.798"/>
  <system-out>
    <![CDATA[You are already mapped with NBFC]]>
  </system-out>
</testsuite> <!-- com.F.Xuriti.NBFC.TC_06_NBFC_REMAP -->
