<?xml version="1.0" encoding="UTF-8"?>
<!-- Generated by org.testng.reporters.JUnitReportReporter -->
<testsuite hostname="techtrail-HP-ProBook-640-G2" failures="0" tests="1" name="Com.B.Xuriti.InvoiceUpload.TC_07_InvoiceUpload_SellerGstNo" time="22.433" errors="0" timestamp="2022-12-05T10:31:48 IST" skipped="0">
  <testcase classname="Com.B.Xuriti.InvoiceUpload.TC_07_InvoiceUpload_SellerGstNo" name="invoiceUpload_invalidBuyerGstNo" time="22.433"/>
  <system-out>
    <![CDATA[Please enter a valid seller GST Found Blank]]>
  </system-out>
</testsuite> <!-- Com.B.Xuriti.InvoiceUpload.TC_07_InvoiceUpload_SellerGstNo -->
