<?xml version="1.0" encoding="UTF-8"?>
<!-- Generated by org.testng.reporters.JUnitReportReporter -->
<testsuite hostname="techtrail-HP-ProBook-640-G2" failures="0" tests="1" name="com.xuriti.dev.TestClass.Tc_04_B_ApproveCompany" time="37.495" errors="0" timestamp="2023-06-08T14:15:17 IST" skipped="0">
  <testcase classname="com.xuriti.dev.TestClass.Tc_04_B_ApproveCompany" name="CompanyApprove" time="37.495"/>
  <system-out>
    <![CDATA[Buyer Company Approved and Creadit limit set succefully]]>
  </system-out>
</testsuite> <!-- com.xuriti.dev.TestClass.Tc_04_B_ApproveCompany -->
