<?xml version="1.0" encoding="UTF-8"?>
<!-- Generated by org.testng.reporters.JUnitReportReporter -->
<testsuite hostname="techtrail-HP-ProBook-640-G2" failures="0" tests="1" name="com.E.Xuriti.ManageCompany.TC_04_ManageComapnies_Creditplan" time="31.618" errors="0" timestamp="2022-12-07T15:37:10 IST" skipped="0">
  <testcase classname="com.E.Xuriti.ManageCompany.TC_04_ManageComapnies_Creditplan" name="manageCompanies_CreditplanEdit" time="31.618"/>
  <system-out>
    <![CDATA[ ==  == ]]>
  </system-out>
</testsuite> <!-- com.E.Xuriti.ManageCompany.TC_04_ManageComapnies_Creditplan -->
