<?xml version="1.0" encoding="UTF-8"?>
<!-- Generated by org.testng.reporters.JUnitReportReporter -->
<testsuite hostname="vk-HP-ProBook-640-G2" failures="0" tests="1" name="com.D.Xuriti.InvoiceUpload.TC_2_InvoiceUpload_HoldCompany" time="20.468" errors="0" timestamp="2023-10-06T16:47:50 IST" skipped="0">
  <testcase classname="com.D.Xuriti.InvoiceUpload.TC_2_InvoiceUpload_HoldCompany" name="invoiceUploadInvalidBuyerGSTNo" time="20.468"/>
  <system-out>
    <![CDATA[T]]>
  </system-out>
</testsuite> <!-- com.D.Xuriti.InvoiceUpload.TC_2_InvoiceUpload_HoldCompany -->
