<?xml version="1.0" encoding="UTF-8"?>
<!-- Generated by org.testng.reporters.JUnitReportReporter -->
<testsuite hostname="techtrail-HP-ProBook-640-G2" failures="0" tests="1" name="com.xuriti.dev.TestClass.TC_01_Search_Filters" time="42.783" errors="0" timestamp="2023-08-19T11:45:24 IST" skipped="0">
  <testcase classname="com.xuriti.dev.TestClass.TC_01_Search_Filters" name="AdminPanelLogin" time="42.783"/>
  <system-out/>
</testsuite> <!-- com.xuriti.dev.TestClass.TC_01_Search_Filters -->
