<?xml version="1.0" encoding="UTF-8"?>
<!-- Generated by org.testng.reporters.JUnitReportReporter -->
<testsuite hostname="techtrail-HP-ProBook-640-G2" failures="0" tests="1" name="com.G.Xuriti.OfflinePayment.TC_01_OfflinePay_FieldValidation" time="68.523" errors="0" timestamp="2022-12-14T16:40:30 IST" skipped="0">
  <testcase classname="com.G.Xuriti.OfflinePayment.TC_01_OfflinePay_FieldValidation" name="OfflinePay_check" time="68.523"/>
  <system-out>
    <![CDATA[Payment successfull]]>
  </system-out>
</testsuite> <!-- com.G.Xuriti.OfflinePayment.TC_01_OfflinePay_FieldValidation -->
