<?xml version="1.0" encoding="UTF-8"?>
<!-- Generated by org.testng.reporters.JUnitReportReporter -->
<testsuite hostname="techtrail-HP-ProBook-640-G2" failures="0" tests="1" name="com.xuriti.dev.TestClass.Tc_07_CreaditPlan" time="41.032" errors="0" timestamp="2022-11-23T12:19:58 IST" skipped="0">
  <testcase classname="com.xuriti.dev.TestClass.Tc_07_CreaditPlan" name="addCreditplan" time="41.032"/>
  <system-out/>
</testsuite> <!-- com.xuriti.dev.TestClass.Tc_07_CreaditPlan -->
