<?xml version="1.0" encoding="UTF-8"?>
<!-- Generated by org.testng.reporters.JUnitReportReporter -->
<testsuite hostname="techtrail-HP-ProBook-640-G2" failures="0" tests="1" name="Com.B.Xuriti.InvoiceUpload.TC_09_InvoiceUpload_InvoiceAmount" time="22.523" errors="0" timestamp="2022-12-05T10:31:48 IST" skipped="0">
  <testcase classname="Com.B.Xuriti.InvoiceUpload.TC_09_InvoiceUpload_InvoiceAmount" name="invoiceUpload_invalidBuyerGstNo" time="22.523"/>
  <system-out>
    <![CDATA[T]]>
  </system-out>
</testsuite> <!-- Com.B.Xuriti.InvoiceUpload.TC_09_InvoiceUpload_InvoiceAmount -->
