<?xml version="1.0" encoding="UTF-8"?>
<!-- Generated by org.testng.reporters.JUnitReportReporter -->
<testsuite hostname="techtrail-HP-ProBook-640-G2" failures="0" tests="1" name="com.ManageBusiness.TC_02_Search_By_Anchor_Name" time="27.641" errors="0" timestamp="2023-08-24T15:15:23 IST" skipped="0">
  <testcase classname="com.ManageBusiness.TC_02_Search_By_Anchor_Name" name="AdminPanelLogin" time="27.641"/>
  <system-out/>
</testsuite> <!-- com.ManageBusiness.TC_02_Search_By_Anchor_Name -->
