<?xml version="1.0" encoding="UTF-8"?>
<!-- Generated by org.testng.reporters.JUnitReportReporter -->
<testsuite hostname="techtrail-HP-ProBook-640-G2" failures="0" tests="1" name="com.xuriti.dev.TestClass.TC_04_ApproveCompany" time="19.280" errors="0" timestamp="2022-11-22T13:17:59 IST" skipped="0">
  <testcase classname="com.xuriti.dev.TestClass.TC_04_ApproveCompany" name="CompanyApprove" time="19.280"/>
  <system-out>
    <![CDATA[Company Approved and Creadit limit set succefully]]>
  </system-out>
</testsuite> <!-- com.xuriti.dev.TestClass.TC_04_ApproveCompany -->
