<?xml version="1.0" encoding="UTF-8"?>
<!-- Generated by org.testng.reporters.JUnitReportReporter -->
<testsuite hostname="techtrail-HP-ProBook-640-G2" failures="0" tests="1" name="com.xuriti.dev.TestClass.Tc_21_Edit_NBFC_Update_Credit_limit" time="35.332" errors="0" timestamp="2023-10-09T14:41:11 IST" skipped="0">
  <testcase classname="com.xuriti.dev.TestClass.Tc_21_Edit_NBFC_Update_Credit_limit" name="NBFC_edit_Credit_limit" time="35.332"/>
  <system-out/>
</testsuite> <!-- com.xuriti.dev.TestClass.Tc_21_Edit_NBFC_Update_Credit_limit -->
