<?xml version="1.0" encoding="UTF-8"?>
<!-- Generated by org.testng.reporters.JUnitReportReporter -->
<testsuite hostname="vk-HP-ProBook-640-G2" failures="0" tests="1" name="com.F.Xuriti.NBFC.TC_08_NBFC_UpdateCreditLimit" time="49.901" errors="0" timestamp="2023-10-06T16:47:50 IST" skipped="0">
  <testcase classname="com.F.Xuriti.NBFC.TC_08_NBFC_UpdateCreditLimit" name="updateNBFCCreditLimit" time="49.901"/>
  <system-out>
    <![CDATA[Credit limit must be greater than credit utilized]]>
  </system-out>
</testsuite> <!-- com.F.Xuriti.NBFC.TC_08_NBFC_UpdateCreditLimit -->
