<?xml version="1.0" encoding="UTF-8"?>
<!-- Generated by org.testng.reporters.JUnitReportReporter -->
<testsuite hostname="techtrail-HP-ProBook-640-G2" failures="0" tests="1" name="com.xuriti.dev.TestClass.Tc_18_1_Payment_Histroy" time="24.108" errors="0" timestamp="2023-10-12T11:54:58 IST" skipped="0">
  <testcase classname="com.xuriti.dev.TestClass.Tc_18_1_Payment_Histroy" name="Payment_history" time="24.108"/>
  <system-out/>
</testsuite> <!-- com.xuriti.dev.TestClass.Tc_18_1_Payment_Histroy -->
