<?xml version="1.0" encoding="UTF-8"?>
<!-- Generated by org.testng.reporters.JUnitReportReporter -->
<testsuite hostname="techtrail-HP-ProBook-640-G2" failures="0" tests="1" name="Com.B.Xuriti.InvoiceUpload.TC_08_InvoiceUpload_GstNo" time="22.672" errors="0" timestamp="2022-12-02T10:50:57 IST" skipped="0">
  <testcase classname="Com.B.Xuriti.InvoiceUpload.TC_08_InvoiceUpload_GstNo" name="invoiceUpload_invalidBuyerGstNo" time="22.672"/>
  <system-out>
    <![CDATA[Please enter a valid GST amount]]>
  </system-out>
</testsuite> <!-- Com.B.Xuriti.InvoiceUpload.TC_08_InvoiceUpload_GstNo -->
