<?xml version="1.0" encoding="UTF-8"?>
<!-- Generated by org.testng.reporters.JUnitReportReporter -->
<testsuite hostname="techtrail-HP-ProBook-640-G2" failures="0" tests="1" name="com.xuriti.dev.TestClass.Tc_22_Updated_creditlimit_Approved" time="23.469" errors="0" timestamp="2023-10-09T15:00:52 IST" skipped="0">
  <testcase classname="com.xuriti.dev.TestClass.Tc_22_Updated_creditlimit_Approved" name="Updated_Creditlimit_Approve" time="23.469"/>
  <system-out/>
</testsuite> <!-- com.xuriti.dev.TestClass.Tc_22_Updated_creditlimit_Approved -->
