<?xml version="1.0" encoding="UTF-8"?>
<!-- Generated by org.testng.reporters.JUnitReportReporter -->
<testsuite hostname="techtrail-HP-ProBook-640-G2" failures="0" tests="2" name="Com.B.Xuriti.InvoiceUpload.TC_11_InvoiceUpload_DueDate" time="36.734" errors="0" timestamp="2022-12-05T10:31:48 IST" skipped="0">
  <testcase classname="Com.B.Xuriti.InvoiceUpload.TC_11_InvoiceUpload_DueDate" name="invoiceUpload_invalidBuyerGstNo" time="22.914"/>
  <system-out>
    <![CDATA[ Duplicate invoice found ]]>
  </system-out>
  <testcase classname="Com.B.Xuriti.InvoiceUpload.TC_11_InvoiceUpload_DueDate" name="ConfirmInvoice_DueDate" time="13.820"/>
  <system-out/>
</testsuite> <!-- Com.B.Xuriti.InvoiceUpload.TC_11_InvoiceUpload_DueDate -->
