<?xml version="1.0" encoding="UTF-8"?>
<!-- Generated by org.testng.reporters.JUnitReportReporter -->
<testsuite hostname="techtrail-HP-ProBook-640-G2" failures="0" tests="1" name="Zap_proxy" time="11.988" errors="0" timestamp="2022-12-07T11:19:18 IST" skipped="0">
  <testcase classname="Zap_proxy" name="Test1" time="11.988"/>
  <system-out/>
</testsuite> <!-- Zap_proxy -->
