<?xml version="1.0" encoding="UTF-8"?>
<!-- Generated by org.testng.reporters.JUnitReportReporter -->
<testsuite hostname="techtrail-HP-ProBook-640-G2" failures="0" tests="1" name="com.xuriti.dev.TestClass.TC_19_CompanyStatus_Active" time="15.807" errors="0" timestamp="2023-08-22T15:56:57 IST" skipped="0">
  <testcase classname="com.xuriti.dev.TestClass.TC_19_CompanyStatus_Active" name="checkcompanystatusActive" time="15.807"/>
  <system-out/>
</testsuite> <!-- com.xuriti.dev.TestClass.TC_19_CompanyStatus_Active -->
