<?xml version="1.0" encoding="UTF-8"?>
<!-- Generated by org.testng.reporters.JUnitReportReporter -->
<testsuite hostname="techtrail-HP-ProBook-640-G2" failures="0" tests="1" name="com.xuriti.dev.TestClass.Tc_01_Signup" time="3.751" errors="0" timestamp="2023-10-07T17:06:44 IST" skipped="0">
  <testcase classname="com.xuriti.dev.TestClass.Tc_01_Signup" name="signUpUser" time="3.751"/>
  <system-out>
    <![CDATA[Mobile number sent to user]]>
  </system-out>
</testsuite> <!-- com.xuriti.dev.TestClass.Tc_01_Signup -->
