<?xml version="1.0" encoding="UTF-8"?>
<!-- Generated by org.testng.reporters.JUnitReportReporter -->
<testsuite hostname="vishu-HP-ProBook-640-G2" failures="0" tests="1" name="com.I.Xuriti.PaymentModule.TC_01_PaymentError" time="28.570" errors="0" timestamp="2023-03-29T16:45:37 IST" skipped="0">
  <testcase classname="com.I.Xuriti.PaymentModule.TC_01_PaymentError" name="paymentError_validation" time="28.570"/>
  <system-out/>
</testsuite> <!-- com.I.Xuriti.PaymentModule.TC_01_PaymentError -->
