<?xml version="1.0" encoding="UTF-8"?>
<!-- Generated by org.testng.reporters.JUnitReportReporter -->
<testsuite hostname="techtrail-HP-ProBook-640-G2" failures="0" tests="1" name="com.G.Xuriti.OfflinePayment.TC_02_1_OfflinePay_historyCheck" time="7.543" errors="0" timestamp="2022-12-14T16:25:31 IST" skipped="0">
  <testcase classname="com.G.Xuriti.OfflinePayment.TC_02_1_OfflinePay_historyCheck" name="checkAvailableCredit" time="7.543"/>
  <system-out/>
</testsuite> <!-- com.G.Xuriti.OfflinePayment.TC_02_1_OfflinePay_historyCheck -->
