<?xml version="1.0" encoding="UTF-8"?>
<!-- Generated by org.testng.reporters.JUnitReportReporter -->
<testsuite hostname="vk-HP-ProBook-640-G2" failures="0" tests="4" name="com.B.Xuriti.LogIn.Tc_02_Login_CheckError" time="34.666" errors="0" timestamp="2023-10-06T16:47:50 IST" skipped="0">
  <testcase classname="com.B.Xuriti.LogIn.Tc_02_Login_CheckError" name="loginWithInvalidMail" time="8.235"/>
  <system-out>
    <![CDATA[Error Message Found = Please provide a valid email address]]>
  </system-out>
  <testcase classname="com.B.Xuriti.LogIn.Tc_02_Login_CheckError" name="loginWithInvalidPassword" time="7.764"/>
  <system-out>
    <![CDATA[Error Message Found = Password must contain at least one capital letter, one small letter and one number and any special character like @$_# etc]]>
  </system-out>
  <testcase classname="com.B.Xuriti.LogIn.Tc_02_Login_CheckError" name="loginWithAllfieldblank" time="10.778"/>
  <system-out>
    <![CDATA[Error Message Found = Please provide a valid email address
Error Message Found = Password must contain at least one capital letter, one small letter and one number and any special character like @$_# etc]]>
  </system-out>
  <testcase classname="com.B.Xuriti.LogIn.Tc_02_Login_CheckError" name="loginWithUknownUser" time="7.889"/>
  <system-out>
    <![CDATA[Error Message Found = You have entered an invalid username or password.]]>
  </system-out>
</testsuite> <!-- com.B.Xuriti.LogIn.Tc_02_Login_CheckError -->
