<?xml version="1.0" encoding="UTF-8"?>
<!-- Generated by org.testng.reporters.JUnitReportReporter -->
<testsuite hostname="techtrail-HP-ProBook-640-G2" failures="0" tests="1" name="com.xuriti.dev.TestClass.Tc_08_NBFC_Add" time="61.050" errors="0" timestamp="2023-10-07T17:06:44 IST" skipped="0">
  <testcase classname="com.xuriti.dev.TestClass.Tc_08_NBFC_Add" name="NBFC_ADD" time="61.050"/>
  <system-out/>
</testsuite> <!-- com.xuriti.dev.TestClass.Tc_08_NBFC_Add -->
