<?xml version="1.0" encoding="UTF-8"?>
<!-- Generated by org.testng.reporters.JUnitReportReporter -->
<testsuite hostname="vk-HP-ProBook-640-G2" failures="0" tests="4" name="com.C.Xuriti.AddCompany.TC_01_AddCompany" time="117.468" errors="0" timestamp="2023-10-06T16:47:50 IST" skipped="0">
  <testcase classname="com.C.Xuriti.AddCompany.TC_01_AddCompany" name="Addduplicatecompany" time="21.966"/>
  <system-out>
    <![CDATA[Message Found : GST already registered with another user]]>
  </system-out>
  <testcase classname="com.C.Xuriti.AddCompany.TC_01_AddCompany" name="BlankGstNo" time="18.553"/>
  <system-out>
    <![CDATA[Message Found : Please enter correct GST number]]>
  </system-out>
  <testcase classname="com.C.Xuriti.AddCompany.TC_01_AddCompany" name="InValidGstNo" time="25.438"/>
  <system-out/>
  <testcase classname="com.C.Xuriti.AddCompany.TC_01_AddCompany" name="unchekedTermsandConditions" time="51.511"/>
  <system-out/>
</testsuite> <!-- com.C.Xuriti.AddCompany.TC_01_AddCompany -->
