<?xml version="1.0" encoding="UTF-8"?>
<!-- Generated by org.testng.reporters.JUnitReportReporter -->
<testsuite hostname="vk-HP-ProBook-640-G2" failures="0" tests="1" name="com.A.Xuriti.SignUp.Tc_02_SingUp_InvalidLastname" time="4.876" errors="0" timestamp="2023-10-06T16:47:50 IST" skipped="0">
  <testcase classname="com.A.Xuriti.SignUp.Tc_02_SingUp_InvalidLastname" name="signUpInvalidLastName" time="4.876"/>
  <system-out>
    <![CDATA[Error Message Found Please enter last name]]>
  </system-out>
</testsuite> <!-- com.A.Xuriti.SignUp.Tc_02_SingUp_InvalidLastname -->
