<?xml version="1.0" encoding="UTF-8"?>
<!-- Generated by org.testng.reporters.JUnitReportReporter -->
<testsuite hostname="techtrail-HP-ProBook-640-G2" failures="0" tests="1" name="com.xuriti.dev.TestClass.Tc_16_Partpay_offline" time="77.921" errors="0" timestamp="2023-10-12T11:28:37 IST" skipped="0">
  <testcase classname="com.xuriti.dev.TestClass.Tc_16_Partpay_offline" name="offlinePartPay" time="77.921"/>
  <system-out>
    <![CDATA[Payment successfull]]>
  </system-out>
</testsuite> <!-- com.xuriti.dev.TestClass.Tc_16_Partpay_offline -->
