<?xml version="1.0" encoding="UTF-8"?>
<!-- Generated by org.testng.reporters.JUnitReportReporter -->
<testsuite hostname="techtrail-HP-ProBook-640-G2" failures="0" tests="1" name="com.ManageBusiness.TC_002_Search_By_Email" time="29.717" errors="0" timestamp="2023-08-24T15:23:36 IST" skipped="0">
  <testcase classname="com.ManageBusiness.TC_002_Search_By_Email" name="AdminPanelLogin" time="29.717"/>
  <system-out/>
</testsuite> <!-- com.ManageBusiness.TC_002_Search_By_Email -->
