<?xml version="1.0" encoding="UTF-8"?>
<!-- Generated by org.testng.reporters.JUnitReportReporter -->
<testsuite hostname="techtrail-HP-ProBook-640-G2" failures="0" tests="1" name="com.xuriti.dev.TestClass.Tc_28_Split_payment_invoice_confirm" time="32.145" errors="0" timestamp="2023-10-09T15:21:11 IST" skipped="0">
  <testcase classname="com.xuriti.dev.TestClass.Tc_28_Split_payment_invoice_confirm" name="invoiceConfirm_Spiltpayment" time="32.145"/>
  <system-out/>
</testsuite> <!-- com.xuriti.dev.TestClass.Tc_28_Split_payment_invoice_confirm -->
